Using pre-set license
Built from '2020.3/staging' branch; Version is '2020.3.3f1 (76626098c1c4) revision 7758432'; Using compiler version '192528614'; Build Type 'Release'
OS: 'Windows 10 Pro; OS build 19041.1110; Version 2004; 64bit' Language: 'hu' Physical Memory: 65199 MB
BatchMode: 1, IsHumanControllingUs: 0, StartBugReporterOnCrash: 0, Is64bit: 1, IsPro: 0

 COMMAND LINE ARGUMENTS:
C:\Program Files\Unity\Hub\Editor\2020.3.3f1\Editor\Unity.exe
-adb2
-batchMode
-noUpm
-name
AssetImportWorker0
-projectPath
C:/Users/humanscanner/Documents/GitHub/3D-Annotation/3D Annotation
-logFile
Logs/AssetImportWorker0.log
-srvPort
65008
Successfully changed project path to: C:/Users/humanscanner/Documents/GitHub/3D-Annotation/3D Annotation
C:/Users/humanscanner/Documents/GitHub/3D-Annotation/3D Annotation
Using Asset Import Pipeline V2.
Refreshing native plugins compatible for Editor in 20.32 ms, found 0 plugins.
Preloading 0 native plugins for Editor in 0.00 ms.
Initialize engine version: 2020.3.3f1 (76626098c1c4)
[Subsystems] Discovering subsystems at path C:/Program Files/Unity/Hub/Editor/2020.3.3f1/Editor/Data/Resources/UnitySubsystems
[Subsystems] Discovering subsystems at path C:/Users/humanscanner/Documents/GitHub/3D-Annotation/3D Annotation/Assets
GfxDevice: creating device client; threaded=0
Direct3D:
    Version:  Direct3D 11.0 [level 11.1]
    Renderer: NVIDIA GeForce RTX 2080 Ti (ID=0x1e07)
    Vendor:   
    VRAM:     11048 MB
    Driver:   27.21.14.6192
Initialize mono
Mono path[0] = 'C:/Program Files/Unity/Hub/Editor/2020.3.3f1/Editor/Data/Managed'
Mono path[1] = 'C:/Program Files/Unity/Hub/Editor/2020.3.3f1/Editor/Data/MonoBleedingEdge/lib/mono/unityjit'
Mono config path = 'C:/Program Files/Unity/Hub/Editor/2020.3.3f1/Editor/Data/MonoBleedingEdge/etc'
Using monoOptions --debugger-agent=transport=dt_socket,embedding=1,server=y,suspend=n,address=127.0.0.1:56808
Begin MonoManager ReloadAssembly
Registering precompiled unity dll's ...
Register platform support module: C:/Program Files/Unity/Hub/Editor/2020.3.3f1/Editor/Data/PlaybackEngines/WindowsStandaloneSupport/UnityEditor.WindowsStandalone.Extensions.dll
Registered in 0.107354 seconds.
Native extension for WindowsStandalone target not found
Refreshing native plugins compatible for Editor in 21.62 ms, found 0 plugins.
Preloading 0 native plugins for Editor in 0.00 ms.
Invoked RoslynAnalysisRunner static constructor.
RoslynAnalysisRunner will not be running.
RoslynAnalysisRunner has terminated.
Mono: successfully reloaded assembly
- Completed reload, in  3.113 seconds
Platform modules already initialized, skipping
Registering precompiled user dll's ...
Registered in 0.049954 seconds.
Begin MonoManager ReloadAssembly
Native extension for WindowsStandalone target not found
Refreshing native plugins compatible for Editor in 0.24 ms, found 0 plugins.
Preloading 0 native plugins for Editor in 0.00 ms.
Invoked RoslynAnalysisRunner static constructor.
RoslynAnalysisRunner will not be running.
RoslynAnalysisRunner has terminated.
Mono: successfully reloaded assembly
- Completed reload, in  0.725 seconds
Platform modules already initialized, skipping
========================================================================
Worker process is ready to serve import requests
Launched and connected shader compiler UnityShaderCompiler.exe after 0.07 seconds
Refreshing native plugins compatible for Editor in 0.23 ms, found 0 plugins.
Preloading 0 native plugins for Editor in 0.00 ms.
Unloading 1116 Unused Serialized files (Serialized files now loaded: 0)
System memory in use before: 57.1 MB.
System memory in use after: 57.2 MB.

Unloading 10 unused Assets to reduce memory usage. Loaded Objects now: 1558.
Total: 2.020200 ms (FindLiveObjects: 0.271400 ms CreateObjectMapping: 0.031000 ms MarkObjects: 1.611600 ms  DeleteObjects: 0.104700 ms)

========================================================================
Received Import Request.
  path: Assets/Scripts/BoundingBox.cs
  artifactKey: Guid(458407901aa0ec84381aec88fc50e933) Importer(815301076,1909f56bfc062723c751e8b465ee728b)
Start importing Assets/Scripts/BoundingBox.cs using Guid(458407901aa0ec84381aec88fc50e933) Importer(815301076,1909f56bfc062723c751e8b465ee728b)  -> (artifact id: 'b5b1f144ff5d0fe30e79c8206948bc50') in 0.035762 seconds
  Import took 0.037576 seconds .

========================================================================
Received Prepare
Registering precompiled user dll's ...
Registered in 0.000572 seconds.
Begin MonoManager ReloadAssembly
Native extension for WindowsStandalone target not found
Refreshing native plugins compatible for Editor in 0.24 ms, found 0 plugins.
Preloading 0 native plugins for Editor in 0.00 ms.
Invoked RoslynAnalysisRunner static constructor.
RoslynAnalysisRunner will not be running.
RoslynAnalysisRunner has terminated.
Mono: successfully reloaded assembly
- Completed reload, in  0.673 seconds
Platform modules already initialized, skipping
Refreshing native plugins compatible for Editor in 0.21 ms, found 0 plugins.
Preloading 0 native plugins for Editor in 0.00 ms.
Unloading 1111 Unused Serialized files (Serialized files now loaded: 0)
System memory in use before: 57.1 MB.
System memory in use after: 57.1 MB.

Unloading 5 unused Assets to reduce memory usage. Loaded Objects now: 1561.
Total: 2.300400 ms (FindLiveObjects: 0.168600 ms CreateObjectMapping: 0.036900 ms MarkObjects: 2.025600 ms  DeleteObjects: 0.068200 ms)

========================================================================
Received Prepare
Registering precompiled user dll's ...
Registered in 0.000589 seconds.
Begin MonoManager ReloadAssembly
Native extension for WindowsStandalone target not found
Refreshing native plugins compatible for Editor in 0.24 ms, found 0 plugins.
Preloading 0 native plugins for Editor in 0.00 ms.
Invoked RoslynAnalysisRunner static constructor.
RoslynAnalysisRunner will not be running.
RoslynAnalysisRunner has terminated.
Mono: successfully reloaded assembly
- Completed reload, in  0.644 seconds
Platform modules already initialized, skipping
Refreshing native plugins compatible for Editor in 0.19 ms, found 0 plugins.
Preloading 0 native plugins for Editor in 0.00 ms.
Unloading 1111 Unused Serialized files (Serialized files now loaded: 0)
System memory in use before: 57.1 MB.
System memory in use after: 57.2 MB.

Unloading 5 unused Assets to reduce memory usage. Loaded Objects now: 1564.
Total: 1.766200 ms (FindLiveObjects: 0.153500 ms CreateObjectMapping: 0.028800 ms MarkObjects: 1.518300 ms  DeleteObjects: 0.064600 ms)

========================================================================
Received Prepare
Registering precompiled user dll's ...
Registered in 0.000548 seconds.
Begin MonoManager ReloadAssembly
Native extension for WindowsStandalone target not found
Refreshing native plugins compatible for Editor in 0.24 ms, found 0 plugins.
Preloading 0 native plugins for Editor in 0.00 ms.
Invoked RoslynAnalysisRunner static constructor.
RoslynAnalysisRunner will not be running.
RoslynAnalysisRunner has terminated.
Mono: successfully reloaded assembly
- Completed reload, in  0.674 seconds
Platform modules already initialized, skipping
Refreshing native plugins compatible for Editor in 0.20 ms, found 0 plugins.
Preloading 0 native plugins for Editor in 0.00 ms.
Unloading 1111 Unused Serialized files (Serialized files now loaded: 0)
System memory in use before: 57.1 MB.
System memory in use after: 57.2 MB.

Unloading 5 unused Assets to reduce memory usage. Loaded Objects now: 1567.
Total: 2.055300 ms (FindLiveObjects: 0.171500 ms CreateObjectMapping: 0.051600 ms MarkObjects: 1.765400 ms  DeleteObjects: 0.065700 ms)

========================================================================
Received Import Request.
  Time since last request: 1160.753537 seconds.
  path: Assets/Scripts/BoundingBox.cs
  artifactKey: Guid(458407901aa0ec84381aec88fc50e933) Importer(815301076,1909f56bfc062723c751e8b465ee728b)
Start importing Assets/Scripts/BoundingBox.cs using Guid(458407901aa0ec84381aec88fc50e933) Importer(815301076,1909f56bfc062723c751e8b465ee728b)  -> (artifact id: '22814cfcd107f7f74c7ba1ab804810e2') in 0.004398 seconds
  Import took 0.006534 seconds .

========================================================================
Received Import Request.
  Time since last request: 0.021911 seconds.
  path: Assets/Scripts/BoundingBox.cs
  artifactKey: Guid(458407901aa0ec84381aec88fc50e933) Importer(815301076,1909f56bfc062723c751e8b465ee728b)
Start importing Assets/Scripts/BoundingBox.cs using Guid(458407901aa0ec84381aec88fc50e933) Importer(815301076,1909f56bfc062723c751e8b465ee728b)  -> (artifact id: '22814cfcd107f7f74c7ba1ab804810e2') in 0.002264 seconds
  Import took 0.004173 seconds .

========================================================================
Received Prepare
Registering precompiled user dll's ...
Registered in 0.000500 seconds.
Begin MonoManager ReloadAssembly
Native extension for WindowsStandalone target not found
Refreshing native plugins compatible for Editor in 0.23 ms, found 0 plugins.
Preloading 0 native plugins for Editor in 0.00 ms.
Invoked RoslynAnalysisRunner static constructor.
RoslynAnalysisRunner will not be running.
RoslynAnalysisRunner has terminated.
Mono: successfully reloaded assembly
- Completed reload, in  0.632 seconds
Platform modules already initialized, skipping
Refreshing native plugins compatible for Editor in 0.19 ms, found 0 plugins.
Preloading 0 native plugins for Editor in 0.00 ms.
Unloading 1111 Unused Serialized files (Serialized files now loaded: 0)
System memory in use before: 57.1 MB.
System memory in use after: 57.2 MB.

Unloading 5 unused Assets to reduce memory usage. Loaded Objects now: 1570.
Total: 1.822900 ms (FindLiveObjects: 0.151500 ms CreateObjectMapping: 0.028600 ms MarkObjects: 1.584500 ms  DeleteObjects: 0.057200 ms)

========================================================================
Received Prepare
Registering precompiled user dll's ...
Registered in 0.000603 seconds.
Begin MonoManager ReloadAssembly
Native extension for WindowsStandalone target not found
Refreshing native plugins compatible for Editor in 0.25 ms, found 0 plugins.
Preloading 0 native plugins for Editor in 0.00 ms.
Invoked RoslynAnalysisRunner static constructor.
RoslynAnalysisRunner will not be running.
RoslynAnalysisRunner has terminated.
Mono: successfully reloaded assembly
- Completed reload, in  0.642 seconds
Platform modules already initialized, skipping
Refreshing native plugins compatible for Editor in 0.21 ms, found 0 plugins.
Preloading 0 native plugins for Editor in 0.00 ms.
Unloading 1111 Unused Serialized files (Serialized files now loaded: 0)
System memory in use before: 57.1 MB.
System memory in use after: 57.2 MB.

Unloading 5 unused Assets to reduce memory usage. Loaded Objects now: 1573.
Total: 1.959400 ms (FindLiveObjects: 0.214900 ms CreateObjectMapping: 0.043300 ms MarkObjects: 1.652400 ms  DeleteObjects: 0.047300 ms)

========================================================================
Received Prepare
Registering precompiled user dll's ...
Registered in 0.000618 seconds.
Begin MonoManager ReloadAssembly
Native extension for WindowsStandalone target not found
Refreshing native plugins compatible for Editor in 0.23 ms, found 0 plugins.
Preloading 0 native plugins for Editor in 0.00 ms.
Invoked RoslynAnalysisRunner static constructor.
RoslynAnalysisRunner will not be running.
RoslynAnalysisRunner has terminated.
Mono: successfully reloaded assembly
- Completed reload, in  0.662 seconds
Platform modules already initialized, skipping
Refreshing native plugins compatible for Editor in 0.23 ms, found 0 plugins.
Preloading 0 native plugins for Editor in 0.00 ms.
Unloading 1111 Unused Serialized files (Serialized files now loaded: 0)
System memory in use before: 57.1 MB.
System memory in use after: 57.2 MB.

Unloading 5 unused Assets to reduce memory usage. Loaded Objects now: 1576.
Total: 1.891800 ms (FindLiveObjects: 0.187200 ms CreateObjectMapping: 0.030900 ms MarkObjects: 1.614800 ms  DeleteObjects: 0.057600 ms)

========================================================================
Received Import Request.
  Time since last request: 1915.262457 seconds.
  path: Assets/Models
  artifactKey: Guid(366a5b8fffc9fa4478436a70fac40551) Importer(815301076,1909f56bfc062723c751e8b465ee728b)
Start importing Assets/Models using Guid(366a5b8fffc9fa4478436a70fac40551) Importer(815301076,1909f56bfc062723c751e8b465ee728b)  -> (artifact id: '52d2b61aca50fa02152e47aba3398ec3') in 0.008481 seconds
  Import took 0.010666 seconds .

========================================================================
Received Import Request.
  Time since last request: 47.098646 seconds.
  path: Assets/Models/Toke_1
  artifactKey: Guid(b88981e2934c200479e1fbf9f3202093) Importer(815301076,1909f56bfc062723c751e8b465ee728b)
Start importing Assets/Models/Toke_1 using Guid(b88981e2934c200479e1fbf9f3202093) Importer(815301076,1909f56bfc062723c751e8b465ee728b)  -> (artifact id: '297fd66c6d1797fc2ffcfb52ea2c94fe') in 0.006502 seconds
  Import took 0.008945 seconds .

========================================================================
Received Import Request.
  Time since last request: 1.486137 seconds.
  path: Assets/Models/Toke_1/texture_0.png
  artifactKey: Guid(c357e573371cbef449594768ad240cf3) Importer(815301076,1909f56bfc062723c751e8b465ee728b)
Start importing Assets/Models/Toke_1/texture_0.png using Guid(c357e573371cbef449594768ad240cf3) Importer(815301076,1909f56bfc062723c751e8b465ee728b)  -> (artifact id: '54cc7201d621357a621497f998191cf8') in 0.082674 seconds
  Import took 0.085020 seconds .

========================================================================
Received Import Request.
  Time since last request: 3.211468 seconds.
  path: Assets/Models/Toke_1/Toke_1.obj
  artifactKey: Guid(1b74770a359928046ab60410ed0badcf) Importer(815301076,1909f56bfc062723c751e8b465ee728b)
Start importing Assets/Models/Toke_1/Toke_1.obj using Guid(1b74770a359928046ab60410ed0badcf) Importer(815301076,1909f56bfc062723c751e8b465ee728b)  -> (artifact id: '936bf851f89682ff1a2469215926dd58') in 0.121040 seconds
  Import took 0.123237 seconds .

========================================================================
Received Import Request.
  Time since last request: 2.018482 seconds.
  path: Assets/Models/Toke_1/Toke_1_bottom.obj
  artifactKey: Guid(4b169677cb35f634c80e6d55282f25e4) Importer(815301076,1909f56bfc062723c751e8b465ee728b)
Start importing Assets/Models/Toke_1/Toke_1_bottom.obj using Guid(4b169677cb35f634c80e6d55282f25e4) Importer(815301076,1909f56bfc062723c751e8b465ee728b)  -> (artifact id: '8d475d288aea57c340d997230bbd4504') in 0.031020 seconds
  Import took 0.033164 seconds .

========================================================================
Received Import Request.
  Time since last request: 8.719357 seconds.
  path: Assets/Models/Toke_2/Toke_2.obj
  artifactKey: Guid(c3985de612e56a64ea649870fb712cf7) Importer(815301076,1909f56bfc062723c751e8b465ee728b)
Start importing Assets/Models/Toke_2/Toke_2.obj using Guid(c3985de612e56a64ea649870fb712cf7) Importer(815301076,1909f56bfc062723c751e8b465ee728b)  -> (artifact id: 'f5437b61efff29a8ad357d502a717a5a') in 0.048156 seconds
  Import took 0.050350 seconds .

========================================================================
Received Import Request.
  Time since last request: 1.206226 seconds.
  path: Assets/Models/Toke_2/Toke_2_bottom.obj
  artifactKey: Guid(92b45214dbea6764c85c14fd4d7209cb) Importer(815301076,1909f56bfc062723c751e8b465ee728b)
Start importing Assets/Models/Toke_2/Toke_2_bottom.obj using Guid(92b45214dbea6764c85c14fd4d7209cb) Importer(815301076,1909f56bfc062723c751e8b465ee728b)  -> (artifact id: '3f5cd3d46cba3ff51e6613386e9862ef') in 0.024363 seconds
  Import took 0.026582 seconds .

========================================================================
Received Import Request.
  Time since last request: 11.363823 seconds.
  path: Assets/Models/Toke_3/Toke_3_bottom.obj
  artifactKey: Guid(8f7b92d050cdaa84182150db3a8765ae) Importer(815301076,1909f56bfc062723c751e8b465ee728b)
Start importing Assets/Models/Toke_3/Toke_3_bottom.obj using Guid(8f7b92d050cdaa84182150db3a8765ae) Importer(815301076,1909f56bfc062723c751e8b465ee728b)  -> (artifact id: 'd757ed110ea19a3415a4449de23c3a70') in 0.032296 seconds
  Import took 0.034529 seconds .

========================================================================
Received Import Request.
  Time since last request: 2.645817 seconds.
  path: Assets/Models/Toke_3/Toke_3.obj
  artifactKey: Guid(9e5e2aff1fac1f049bd225c54649c69a) Importer(815301076,1909f56bfc062723c751e8b465ee728b)
Start importing Assets/Models/Toke_3/Toke_3.obj using Guid(9e5e2aff1fac1f049bd225c54649c69a) Importer(815301076,1909f56bfc062723c751e8b465ee728b)  -> (artifact id: '3193692f1abb121584ef6444035099b0') in 0.034788 seconds
  Import took 0.037013 seconds .

========================================================================
Received Import Request.
  Time since last request: 61.572897 seconds.
  path: Assets/Models/Toke_3
  artifactKey: Guid(434f0337c8fee104599dbc1bc9feed8e) Importer(815301076,1909f56bfc062723c751e8b465ee728b)
Start importing Assets/Models/Toke_3 using Guid(434f0337c8fee104599dbc1bc9feed8e) Importer(815301076,1909f56bfc062723c751e8b465ee728b)  -> (artifact id: 'c5c615267b7659685ea7892ec2b88a78') in 0.003098 seconds
  Import took 0.005236 seconds .

========================================================================
Received Import Request.
  Time since last request: 0.000689 seconds.
  path: Assets/Models/Toke_3
  artifactKey: Guid(434f0337c8fee104599dbc1bc9feed8e) Importer(815301076,1909f56bfc062723c751e8b465ee728b)
Start importing Assets/Models/Toke_3 using Guid(434f0337c8fee104599dbc1bc9feed8e) Importer(815301076,1909f56bfc062723c751e8b465ee728b)  -> (artifact id: 'c5c615267b7659685ea7892ec2b88a78') in 0.001721 seconds
  Import took 0.003592 seconds .

========================================================================
Received Import Request.
  Time since last request: 10.302349 seconds.
  path: Assets/Models/Toke_3/Toke_3_bottom.obj.mtl
  artifactKey: Guid(83a707a92553ea74e955d539b60019ea) Importer(815301076,1909f56bfc062723c751e8b465ee728b)
Start importing Assets/Models/Toke_3/Toke_3_bottom.obj.mtl using Guid(83a707a92553ea74e955d539b60019ea) Importer(815301076,1909f56bfc062723c751e8b465ee728b)  -> (artifact id: '5a28846a290ac99a62090af4affe61fc') in 0.010098 seconds
  Import took 0.012221 seconds .

========================================================================
Received Import Request.
  Time since last request: 67.273526 seconds.
  path: Assets/Models/Toke_2/Toke_2.obj.mtl
  artifactKey: Guid(477183bd891ce084f85ec99095288957) Importer(815301076,1909f56bfc062723c751e8b465ee728b)
Start importing Assets/Models/Toke_2/Toke_2.obj.mtl using Guid(477183bd891ce084f85ec99095288957) Importer(815301076,1909f56bfc062723c751e8b465ee728b)  -> (artifact id: '3a11f52b7dddebe76a138b682efcbd13') in 0.006722 seconds
  Import took 0.008943 seconds .

========================================================================
Received Import Request.
  Time since last request: 15.951809 seconds.
  path: Assets/Models/Toke_3/texture_1.png
  artifactKey: Guid(83d63b115cad72a4b88619b28234eaff) Importer(815301076,1909f56bfc062723c751e8b465ee728b)
Start importing Assets/Models/Toke_3/texture_1.png using Guid(83d63b115cad72a4b88619b28234eaff) Importer(815301076,1909f56bfc062723c751e8b465ee728b)  -> (artifact id: 'b7e0b9b20a374c7481bd76ce1b3b7fca') in 0.014301 seconds
  Import took 0.016387 seconds .

========================================================================
Received Import Request.
  Time since last request: 0.527878 seconds.
  path: Assets/Models/Toke_3/texture_0.png
  artifactKey: Guid(03decb72ca6bebb4a93248ab8720a387) Importer(815301076,1909f56bfc062723c751e8b465ee728b)
Start importing Assets/Models/Toke_3/texture_0.png using Guid(03decb72ca6bebb4a93248ab8720a387) Importer(815301076,1909f56bfc062723c751e8b465ee728b)  -> (artifact id: 'd9d042c4143606ac396a8570f58c3856') in 0.016241 seconds
  Import took 0.018422 seconds .

========================================================================
Received Import Request.
  Time since last request: 85.330796 seconds.
  path: Assets/Models/Toke_3/Toke_3_bottom.obj
  artifactKey: Guid(8f7b92d050cdaa84182150db3a8765ae) Importer(815301076,1909f56bfc062723c751e8b465ee728b)
Start importing Assets/Models/Toke_3/Toke_3_bottom.obj using Guid(8f7b92d050cdaa84182150db3a8765ae) Importer(815301076,1909f56bfc062723c751e8b465ee728b)  -> (artifact id: 'ea32780ac4255a25f9de521df976b1b1') in 0.028541 seconds
  Import took 0.030685 seconds .

========================================================================
Received Import Request.
  Time since last request: 85.631739 seconds.
  path: Assets/Models/Toke_3/Toke_3_bottom.obj
  artifactKey: Guid(8f7b92d050cdaa84182150db3a8765ae) Importer(815301076,1909f56bfc062723c751e8b465ee728b)
Start importing Assets/Models/Toke_3/Toke_3_bottom.obj using Guid(8f7b92d050cdaa84182150db3a8765ae) Importer(815301076,1909f56bfc062723c751e8b465ee728b)  -> (artifact id: 'e350d68faad25507b6a6aa5c07c669c3') in 0.028557 seconds
  Import took 0.030937 seconds .

AssetImportWorkerClient::OnTransportError - code=2 error=End of file
